<?xml version="1.0" encoding="UTF-8"?>
<testsuites name="GenRocket Integration" time="49.704" tests="1" failures="0" errors="0">
   <testsuite name="GenRocket Integration" tests="1" failures="0" errors="0" time="49.704" skipped="0" timestamp="2023-04-05 12:03:35" hostname="sakthi - sakthivels-mbp" id="Test Suites/GenRocket Integration">
      <properties>
         <property name="deviceName" value=""/>
         <property name="devicePlatform" value=""/>
         <property name="logFolder" value="/Users/sakthi/git/TestProject/Reports/20230405_120332/GenRocket Integration/20230405_120332"/>
         <property name="logFiles" value="/Users/sakthi/git/TestProject/Reports/20230405_120332/GenRocket Integration/20230405_120332/execution0.log"/>
         <property name="attachments" value=""/>
         <property name="hostName" value="sakthi - sakthivels-mbp"/>
         <property name="os" value="Mac OS X 64bit"/>
         <property name="katalonVersion" value="8.6.0.208"/>
         <property name="browser" value="Chrome 111.0.0.0"/>
         <property name="hostAddress" value="192.168.0.45"/>
         <property name="sessionId" value="d2d31cf0f350625f9222c40685d7fdd3"/>
         <property name="seleniumVersion" value="3.141.59"/>
         <property name="proxyInformation" value="ProxyInformation { proxyOption=NO_PROXY, proxyServerType=HTTP, username=, password=********, proxyServerAddress=, proxyServerPort=0, executionList=&quot;&quot;, isApplyToDesiredCapabilities=true }"/>
         <property name="platform" value="Mac OS X"/>
      </properties>
      <testcase name="Test Cases/Demo/TC01_with GenRocket Integration" time="49.245" classname="Test Cases/Demo/TC01_with GenRocket Integration" status="PASSED">
         <system-out><![CDATA[2023-04-05 12:03:36 - [TEST_CASE][PASSED] - Test Cases/Demo/TC01_with GenRocket Integration: Test Cases/Demo/TC01_with GenRocket Integration

2023-04-05 12:03:37 - [TEST_STEP][PASSED] - engine = new com.genRocket.engine.EngineManual(): null

2023-04-05 12:03:38 - [TEST_STEP][PASSED] - jsonSlurper = new groovy.json.JsonSlurper(): null

2023-04-05 12:03:38 - [TEST_STEP][PASSED] - genrocketData = <not implemented yet for class: org.codehaus.groovy.ast.expr.EmptyExpression>: null

2023-04-05 12:03:38 - [TEST_STEP][PASSED] - jsonData = <not implemented yet for class: org.codehaus.groovy.ast.expr.EmptyExpression>: null

2023-04-05 12:03:38 - [TEST_STEP][PASSED] - scenarioPath = "/Users/sakthi/Desktop/GenRocket/home": null

2023-04-05 12:03:38 - [TEST_STEP][PASSED] - scenarioName = "UserAccScenario.grs": null

2023-04-05 12:03:38 - [TEST_STEP][PASSED] - testDataSuiteName = "TestDataCase.gtdc": null

2023-04-05 12:03:38 - [TEST_STEP][PASSED] - testDataCategoryName = "System": null

2023-04-05 12:03:38 - [TEST_STEP][PASSED] - testDataCaseName = "pwdGen": null

2023-04-05 12:03:38 - [TEST_STEP][PASSED] - genrocketDomain = "UserAccounts": null

2023-04-05 12:03:38 - [TEST_STEP][PASSED] - fileSep = System.getProperty("file.separator"): null

2023-04-05 12:03:38 - [TEST_STEP][PASSED] - scenarioPathAndName = scenarioPath + fileSep + scenarioName: null

2023-04-05 12:03:38 - [TEST_STEP][PASSED] - testDataSuitePath = scenarioPath + fileSep + testDataSuiteName: null

2023-04-05 12:03:38 - [TEST_STEP][PASSED] - engine.scenarioLoad(scenarioPathAndName): null

2023-04-05 12:03:41 - [TEST_STEP][PASSED] - engine.testDataCaseAdd(testDataSuitePath, testDataCategoryName, testDataCaseName, true, true, null, null): null

2023-04-05 12:03:41 - [TEST_STEP][PASSED] - engine.applyGCases(): null

2023-04-05 12:03:41 - [TEST_STEP][PASSED] - genrocketData = engine.scenarioRunInMemory(genrocketDomain): null

2023-04-05 12:03:42 - [TEST_STEP][PASSED] - jsonData = JsonOutput.toJson(genrocketData): null

2023-04-05 12:03:42 - [TEST_STEP][PASSED] - jsonObject = jsonSlurper.parseText(jsonData): null

2023-04-05 12:03:42 - [TEST_STEP][PASSED] - for (def testData : jsonObject): Browser is closed

2023-04-05 12:03:42 - [TEST_STEP][PASSED] - grFName = testData.get("fName"): null

2023-04-05 12:03:42 - [TEST_STEP][PASSED] - grLName = testData.get("lName"): null

2023-04-05 12:03:42 - [TEST_STEP][PASSED] - gremail = testData.get("email"): null

2023-04-05 12:03:42 - [TEST_STEP][PASSED] - grPwd = testData.get("pwd"): null

2023-04-05 12:03:42 - [TEST_STEP][PASSED] - grCnfPwd = testData.get("confirmPwd"): null

2023-04-05 12:03:42 - [TEST_STEP][PASSED] - grPwdStrength = testData.get("pwdStrength"): null

2023-04-05 12:03:42 - [TEST_STEP][PASSED] - out.println("Testemail:" + gremail): null

2023-04-05 12:03:42 - [TEST_STEP][PASSED] - openBrowser(""): Browser is opened with url: ''

2023-04-05 12:03:42 - [MESSAGE][INFO] - Starting 'Chrome' driver

2023-04-05 12:03:42 - [MESSAGE][INFO] - Action delay is set to 0 milliseconds

2023-04-05 12:03:48 - [MESSAGE][PASSED] - Browser is opened with url: ''

2023-04-05 12:03:48 - [TEST_STEP][PASSED] - navigateToUrl("https://magento.softwaretestingboard.com/"): Navigate to 'https://magento.softwaretestingboard.com/' successfully

2023-04-05 12:03:53 - [MESSAGE][PASSED] - Navigate to 'https://magento.softwaretestingboard.com/' successfully

2023-04-05 12:03:53 - [TEST_STEP][PASSED] - click(findTestObject("Object Repository/Page_Home Page/a_Create an Account")): Object: 'Object Repository/Page_Home Page/a_Create an Account' is clicked on

2023-04-05 12:03:59 - [MESSAGE][PASSED] - Object: 'Object Repository/Page_Home Page/a_Create an Account' is clicked on

2023-04-05 12:03:59 - [TEST_STEP][PASSED] - setText(findTestObject("Object Repository/Page_Create New Customer Account/firstName"), grFName): Text 'Nila' is set on object 'Object Repository/Page_Create New Customer Account/firstName'

2023-04-05 12:04:01 - [MESSAGE][PASSED] - Text 'Nila' is set on object 'Object Repository/Page_Create New Customer Account/firstName'

2023-04-05 12:04:01 - [TEST_STEP][PASSED] - setText(findTestObject("Object Repository/Page_Create New Customer Account/lastName"), grLName): Text 'Stamper' is set on object 'Object Repository/Page_Create New Customer Account/lastName'

2023-04-05 12:04:02 - [MESSAGE][PASSED] - Text 'Stamper' is set on object 'Object Repository/Page_Create New Customer Account/lastName'

2023-04-05 12:04:02 - [TEST_STEP][PASSED] - click(findTestObject("Object Repository/Page_Create New Customer Account/subscription checkbox")): Object: 'Object Repository/Page_Create New Customer Account/subscription checkbox' is clicked on

2023-04-05 12:04:03 - [MESSAGE][PASSED] - Object: 'Object Repository/Page_Create New Customer Account/subscription checkbox' is clicked on

2023-04-05 12:04:03 - [TEST_STEP][PASSED] - setText(findTestObject("Object Repository/Page_Create New Customer Account/email"), gremail): Text 'Nila.Stamper@kbpj.com' is set on object 'Object Repository/Page_Create New Customer Account/email'

2023-04-05 12:04:04 - [MESSAGE][PASSED] - Text 'Nila.Stamper@kbpj.com' is set on object 'Object Repository/Page_Create New Customer Account/email'

2023-04-05 12:04:04 - [TEST_STEP][PASSED] - setText(findTestObject("Object Repository/Page_Create New Customer Account/pwd"), grPwd): Text 'Fbwi-254' is set on object 'Object Repository/Page_Create New Customer Account/pwd'

2023-04-05 12:04:06 - [MESSAGE][PASSED] - Text 'Fbwi-254' is set on object 'Object Repository/Page_Create New Customer Account/pwd'

2023-04-05 12:04:06 - [TEST_STEP][PASSED] - setText(findTestObject("Object Repository/Page_Create New Customer Account/pwd_confirm"), grCnfPwd): Text 'Fbwi-254' is set on object 'Object Repository/Page_Create New Customer Account/pwd_confirm'

2023-04-05 12:04:07 - [MESSAGE][PASSED] - Text 'Fbwi-254' is set on object 'Object Repository/Page_Create New Customer Account/pwd_confirm'

2023-04-05 12:04:07 - [TEST_STEP][PASSED] - verifyElementText(findTestObject("Page_Create New Customer Account/passwordMeter"), grPwdStrength): Actual text and expected text of test object 'Object Repository/Page_Create New Customer Account/passwordMeter' are matched.

2023-04-05 12:04:07 - [MESSAGE][PASSED] - Actual text and expected text of test object 'Object Repository/Page_Create New Customer Account/passwordMeter' are matched.

2023-04-05 12:04:07 - [TEST_STEP][PASSED] - click(findTestObject("Object Repository/Page_Create New Customer Account/Create an Account button")): Object: 'Object Repository/Page_Create New Customer Account/Create an Account button' is clicked on

2023-04-05 12:04:12 - [MESSAGE][PASSED] - Object: 'Object Repository/Page_Create New Customer Account/Create an Account button' is clicked on

2023-04-05 12:04:12 - [TEST_STEP][PASSED] - click(findTestObject("Object Repository/Page_My Account/img")): Object: 'Object Repository/Page_My Account/img' is clicked on

2023-04-05 12:04:14 - [MESSAGE][PASSED] - Object: 'Object Repository/Page_My Account/img' is clicked on

2023-04-05 12:04:14 - [TEST_STEP][PASSED] - enableSmartWait(): null

2023-04-05 12:04:14 - [TEST_STEP][PASSED] - click(findTestObject("Object Repository/Page_Home Page/button_Change")): Object: 'Object Repository/Page_Home Page/button_Change' is clicked on

2023-04-05 12:04:23 - [MESSAGE][PASSED] - Object: 'Object Repository/Page_Home Page/button_Change' is clicked on

2023-04-05 12:04:23 - [TEST_STEP][PASSED] - click(findTestObject("Object Repository/Page_Home Page/a_Sign Out")): Object: 'Object Repository/Page_Home Page/a_Sign Out' is clicked on

2023-04-05 12:04:25 - [MESSAGE][PASSED] - Object: 'Object Repository/Page_Home Page/a_Sign Out' is clicked on

2023-04-05 12:04:25 - [TEST_STEP][PASSED] - closeBrowser(): Browser is closed

2023-04-05 12:04:25 - [MESSAGE][PASSED] - Browser is closed]]></system-out>
         <system-err><![CDATA[]]></system-err>
      </testcase>
      <system-out><![CDATA[2023-04-05 12:03:35 - [TEST_SUITE][PASSED] - GenRocket Integration: Test Cases/Demo/TC01_with GenRocket Integration]]></system-out>
      <system-err><![CDATA[]]></system-err>
   </testsuite>
</testsuites>
